[Wed, 27 Apr 2011 19:08:46 GMT] INFO master started
[Wed, 27 Apr 2011 19:08:46 GMT] INFO spawned worker 0
[Wed, 27 Apr 2011 19:08:46 GMT] INFO spawned worker 1
[Wed, 27 Apr 2011 19:08:46 GMT] INFO spawned worker 2
[Wed, 27 Apr 2011 19:08:46 GMT] INFO spawned worker 3
[Wed, 27 Apr 2011 19:08:47 GMT] ERROR worker 0 died
[Wed, 27 Apr 2011 19:08:47 GMT] INFO spawned worker 0
[Wed, 27 Apr 2011 19:08:47 GMT] ERROR worker 1 died
[Wed, 27 Apr 2011 19:08:47 GMT] INFO spawned worker 1
[Wed, 27 Apr 2011 19:08:47 GMT] ERROR worker 2 died
[Wed, 27 Apr 2011 19:08:47 GMT] INFO spawned worker 2
[Wed, 27 Apr 2011 19:08:47 GMT] ERROR worker 3 died
[Wed, 27 Apr 2011 19:08:47 GMT] INFO spawned worker 3
[Wed, 27 Apr 2011 19:08:48 GMT] ERROR worker 1 died
[Wed, 27 Apr 2011 19:08:48 GMT] INFO spawned worker 1
[Wed, 27 Apr 2011 19:08:48 GMT] ERROR worker 0 died
[Wed, 27 Apr 2011 19:08:48 GMT] INFO spawned worker 0
[Wed, 27 Apr 2011 19:08:48 GMT] ERROR worker 2 died
[Wed, 27 Apr 2011 19:08:48 GMT] INFO spawned worker 2
[Wed, 27 Apr 2011 19:08:48 GMT] ERROR worker 3 died
[Wed, 27 Apr 2011 19:08:48 GMT] INFO spawned worker 3
[Wed, 27 Apr 2011 19:08:48 GMT] ERROR worker 1 died
[Wed, 27 Apr 2011 19:08:48 GMT] INFO spawned worker 1
[Wed, 27 Apr 2011 19:08:48 GMT] ERROR worker 0 died
[Wed, 27 Apr 2011 19:08:48 GMT] INFO spawned worker 0
[Wed, 27 Apr 2011 19:08:48 GMT] ERROR worker 2 died
[Wed, 27 Apr 2011 19:08:48 GMT] INFO spawned worker 2
[Wed, 27 Apr 2011 19:08:49 GMT] ERROR worker 3 died
[Wed, 27 Apr 2011 19:08:49 GMT] INFO spawned worker 3
[Wed, 27 Apr 2011 19:08:49 GMT] ERROR worker 0 died
[Wed, 27 Apr 2011 19:08:49 GMT] INFO spawned worker 0
[Wed, 27 Apr 2011 19:08:49 GMT] ERROR worker 1 died
[Wed, 27 Apr 2011 19:08:49 GMT] INFO spawned worker 1
[Wed, 27 Apr 2011 19:08:49 GMT] ERROR worker 2 died
[Wed, 27 Apr 2011 19:08:49 GMT] INFO spawned worker 2
[Wed, 27 Apr 2011 19:08:49 GMT] ERROR worker 3 died
[Wed, 27 Apr 2011 19:08:49 GMT] INFO spawned worker 3
[Wed, 27 Apr 2011 19:08:50 GMT] ERROR worker 0 died
[Wed, 27 Apr 2011 19:08:50 GMT] INFO spawned worker 0
[Wed, 27 Apr 2011 19:08:50 GMT] ERROR worker 1 died
[Wed, 27 Apr 2011 19:08:50 GMT] INFO spawned worker 1
[Wed, 27 Apr 2011 19:08:50 GMT] ERROR worker 2 died
[Wed, 27 Apr 2011 19:08:50 GMT] INFO spawned worker 2
[Wed, 27 Apr 2011 19:09:01 GMT] INFO master started
[Wed, 27 Apr 2011 19:09:01 GMT] INFO spawned worker 0
[Wed, 27 Apr 2011 19:09:01 GMT] INFO spawned worker 1
[Wed, 27 Apr 2011 19:09:01 GMT] INFO spawned worker 2
[Wed, 27 Apr 2011 19:09:01 GMT] INFO spawned worker 3
[Wed, 27 Apr 2011 19:09:02 GMT] ERROR worker 0 died
[Wed, 27 Apr 2011 19:09:02 GMT] INFO spawned worker 0
[Wed, 27 Apr 2011 19:09:02 GMT] ERROR worker 1 died
[Wed, 27 Apr 2011 19:09:02 GMT] INFO spawned worker 1
[Wed, 27 Apr 2011 19:09:02 GMT] ERROR worker 2 died
[Wed, 27 Apr 2011 19:09:02 GMT] INFO spawned worker 2
[Wed, 27 Apr 2011 19:09:02 GMT] ERROR worker 3 died
[Wed, 27 Apr 2011 19:09:02 GMT] INFO spawned worker 3
[Wed, 27 Apr 2011 19:09:02 GMT] ERROR worker 0 died
[Wed, 27 Apr 2011 19:09:02 GMT] INFO spawned worker 0
[Wed, 27 Apr 2011 19:09:02 GMT] ERROR worker 1 died
[Wed, 27 Apr 2011 19:09:02 GMT] INFO spawned worker 1
[Wed, 27 Apr 2011 19:09:02 GMT] ERROR worker 2 died
[Wed, 27 Apr 2011 19:09:02 GMT] INFO spawned worker 2
[Wed, 27 Apr 2011 19:09:02 GMT] ERROR worker 3 died
[Wed, 27 Apr 2011 19:09:02 GMT] INFO spawned worker 3
[Wed, 27 Apr 2011 19:09:03 GMT] ERROR worker 2 died
[Wed, 27 Apr 2011 19:09:03 GMT] INFO spawned worker 2
[Wed, 27 Apr 2011 19:09:03 GMT] ERROR worker 0 died
[Wed, 27 Apr 2011 19:09:03 GMT] INFO spawned worker 0
[Wed, 27 Apr 2011 19:09:03 GMT] ERROR worker 3 died
[Wed, 27 Apr 2011 19:09:03 GMT] INFO spawned worker 3
[Wed, 27 Apr 2011 19:09:03 GMT] ERROR worker 1 died
[Wed, 27 Apr 2011 19:09:03 GMT] INFO spawned worker 1
[Wed, 27 Apr 2011 19:09:04 GMT] ERROR worker 0 died
[Wed, 27 Apr 2011 19:09:04 GMT] INFO spawned worker 0
[Wed, 27 Apr 2011 19:09:04 GMT] ERROR worker 3 died
[Wed, 27 Apr 2011 19:09:04 GMT] INFO spawned worker 3
[Wed, 27 Apr 2011 19:09:04 GMT] ERROR worker 2 died
[Wed, 27 Apr 2011 19:09:04 GMT] INFO spawned worker 2
[Wed, 27 Apr 2011 19:09:04 GMT] ERROR worker 1 died
[Wed, 27 Apr 2011 19:09:04 GMT] INFO spawned worker 1
[Wed, 27 Apr 2011 19:09:05 GMT] ERROR worker 2 died
[Wed, 27 Apr 2011 19:09:05 GMT] INFO spawned worker 2
[Wed, 27 Apr 2011 19:09:05 GMT] ERROR worker 0 died
[Wed, 27 Apr 2011 19:09:05 GMT] INFO spawned worker 0
[Wed, 27 Apr 2011 19:09:05 GMT] ERROR worker 3 died
[Wed, 27 Apr 2011 19:09:05 GMT] INFO spawned worker 3
[Wed, 27 Apr 2011 19:42:21 GMT] INFO master started
[Wed, 27 Apr 2011 19:42:21 GMT] INFO spawned worker 0
[Wed, 27 Apr 2011 19:42:21 GMT] INFO spawned worker 1
[Wed, 27 Apr 2011 19:42:21 GMT] INFO spawned worker 2
[Wed, 27 Apr 2011 19:42:21 GMT] INFO spawned worker 3
[Wed, 27 Apr 2011 19:42:22 GMT] ERROR worker 0 died
[Wed, 27 Apr 2011 19:42:22 GMT] INFO spawned worker 0
[Wed, 27 Apr 2011 19:42:22 GMT] ERROR worker 1 died
[Wed, 27 Apr 2011 19:42:22 GMT] INFO spawned worker 1
[Wed, 27 Apr 2011 19:42:22 GMT] ERROR worker 2 died
[Wed, 27 Apr 2011 19:42:22 GMT] INFO spawned worker 2
[Wed, 27 Apr 2011 19:42:22 GMT] ERROR worker 3 died
[Wed, 27 Apr 2011 19:42:22 GMT] INFO spawned worker 3
[Wed, 27 Apr 2011 19:42:23 GMT] ERROR worker 1 died
[Wed, 27 Apr 2011 19:42:23 GMT] INFO spawned worker 1
[Wed, 27 Apr 2011 19:42:23 GMT] ERROR worker 0 died
[Wed, 27 Apr 2011 19:42:23 GMT] INFO spawned worker 0
[Wed, 27 Apr 2011 19:42:23 GMT] ERROR worker 3 died
[Wed, 27 Apr 2011 19:42:23 GMT] INFO spawned worker 3
[Wed, 27 Apr 2011 19:42:23 GMT] ERROR worker 2 died
[Wed, 27 Apr 2011 19:42:23 GMT] INFO spawned worker 2
[Wed, 27 Apr 2011 19:42:24 GMT] ERROR worker 1 died
[Wed, 27 Apr 2011 19:42:24 GMT] INFO spawned worker 1
[Wed, 27 Apr 2011 19:42:24 GMT] ERROR worker 0 died
[Wed, 27 Apr 2011 19:42:24 GMT] INFO spawned worker 0
[Wed, 27 Apr 2011 19:42:24 GMT] ERROR worker 3 died
[Wed, 27 Apr 2011 19:42:24 GMT] INFO spawned worker 3
[Wed, 27 Apr 2011 19:42:24 GMT] ERROR worker 2 died
[Wed, 27 Apr 2011 19:42:24 GMT] INFO spawned worker 2
[Wed, 27 Apr 2011 19:42:25 GMT] ERROR worker 1 died
[Wed, 27 Apr 2011 19:42:25 GMT] INFO spawned worker 1
[Wed, 27 Apr 2011 19:42:25 GMT] ERROR worker 0 died
[Wed, 27 Apr 2011 19:42:25 GMT] INFO spawned worker 0
[Wed, 27 Apr 2011 19:42:25 GMT] ERROR worker 2 died
[Wed, 27 Apr 2011 19:42:25 GMT] INFO spawned worker 2
[Wed, 27 Apr 2011 19:42:25 GMT] ERROR worker 3 died
[Wed, 27 Apr 2011 19:42:25 GMT] INFO spawned worker 3
[Wed, 27 Apr 2011 19:42:26 GMT] ERROR worker 0 died
[Wed, 27 Apr 2011 19:42:26 GMT] INFO spawned worker 0
[Wed, 27 Apr 2011 19:42:26 GMT] ERROR worker 1 died
[Wed, 27 Apr 2011 19:42:26 GMT] INFO spawned worker 1
[Wed, 27 Apr 2011 19:42:26 GMT] ERROR worker 2 died
[Wed, 27 Apr 2011 19:42:26 GMT] INFO spawned worker 2
[Wed, 27 Apr 2011 22:55:03 GMT] INFO master started
[Wed, 27 Apr 2011 22:55:03 GMT] INFO spawned worker 0
[Wed, 27 Apr 2011 22:55:03 GMT] ERROR worker 0 died
[Wed, 27 Apr 2011 22:55:03 GMT] INFO spawned worker 0
[Wed, 27 Apr 2011 22:55:03 GMT] ERROR worker 0 died
[Wed, 27 Apr 2011 22:55:03 GMT] INFO spawned worker 0
[Wed, 27 Apr 2011 22:55:03 GMT] ERROR worker 0 died
[Wed, 27 Apr 2011 22:55:03 GMT] INFO spawned worker 0
[Wed, 27 Apr 2011 22:55:04 GMT] ERROR worker 0 died
[Wed, 27 Apr 2011 22:55:04 GMT] INFO spawned worker 0
[Wed, 27 Apr 2011 22:55:04 GMT] ERROR worker 0 died
[Wed, 27 Apr 2011 22:55:04 GMT] INFO spawned worker 0
[Wed, 27 Apr 2011 22:55:04 GMT] ERROR worker 0 died
[Wed, 27 Apr 2011 22:55:04 GMT] INFO spawned worker 0
[Wed, 27 Apr 2011 22:55:04 GMT] ERROR worker 0 died
[Wed, 27 Apr 2011 22:55:04 GMT] INFO spawned worker 0
[Wed, 27 Apr 2011 22:55:04 GMT] ERROR worker 0 died
[Wed, 27 Apr 2011 22:55:04 GMT] INFO spawned worker 0
[Wed, 27 Apr 2011 22:55:04 GMT] ERROR worker 0 died
[Wed, 27 Apr 2011 22:55:04 GMT] INFO spawned worker 0
[Wed, 27 Apr 2011 22:55:05 GMT] ERROR worker 0 died
[Wed, 27 Apr 2011 22:55:05 GMT] INFO spawned worker 0
[Wed, 27 Apr 2011 22:55:05 GMT] ERROR worker 0 died
[Wed, 27 Apr 2011 22:55:05 GMT] INFO spawned worker 0
[Wed, 27 Apr 2011 22:55:05 GMT] ERROR worker 0 died
[Wed, 27 Apr 2011 22:55:05 GMT] INFO spawned worker 0
[Wed, 27 Apr 2011 22:55:05 GMT] ERROR worker 0 died
[Wed, 27 Apr 2011 22:55:05 GMT] INFO spawned worker 0
[Wed, 27 Apr 2011 22:55:05 GMT] ERROR worker 0 died
[Wed, 27 Apr 2011 22:55:05 GMT] INFO spawned worker 0
[Wed, 27 Apr 2011 22:55:06 GMT] ERROR worker 0 died
[Wed, 27 Apr 2011 22:55:06 GMT] INFO spawned worker 0
[Wed, 27 Apr 2011 22:55:06 GMT] ERROR worker 0 died
[Wed, 27 Apr 2011 22:55:06 GMT] INFO spawned worker 0
[Wed, 27 Apr 2011 22:55:06 GMT] ERROR worker 0 died
[Wed, 27 Apr 2011 22:55:06 GMT] INFO spawned worker 0
[Wed, 27 Apr 2011 22:55:06 GMT] ERROR worker 0 died
[Wed, 27 Apr 2011 22:55:06 GMT] INFO spawned worker 0
[Wed, 27 Apr 2011 22:55:06 GMT] ERROR worker 0 died
[Wed, 27 Apr 2011 22:55:06 GMT] INFO spawned worker 0
[Wed, 27 Apr 2011 22:57:17 GMT] INFO master started
[Wed, 27 Apr 2011 22:57:17 GMT] INFO spawned worker 0
[Wed, 27 Apr 2011 22:57:17 GMT] ERROR worker 0 died
[Wed, 27 Apr 2011 22:57:17 GMT] INFO spawned worker 0
[Wed, 27 Apr 2011 22:57:17 GMT] ERROR worker 0 died
[Wed, 27 Apr 2011 22:57:17 GMT] INFO spawned worker 0
[Wed, 27 Apr 2011 22:57:17 GMT] ERROR worker 0 died
[Wed, 27 Apr 2011 22:57:17 GMT] INFO spawned worker 0
[Wed, 27 Apr 2011 22:57:18 GMT] ERROR worker 0 died
[Wed, 27 Apr 2011 22:57:18 GMT] INFO spawned worker 0
[Wed, 27 Apr 2011 22:57:18 GMT] ERROR worker 0 died
[Wed, 27 Apr 2011 22:57:18 GMT] INFO spawned worker 0
[Wed, 27 Apr 2011 22:57:18 GMT] ERROR worker 0 died
[Wed, 27 Apr 2011 22:57:18 GMT] INFO spawned worker 0
[Wed, 27 Apr 2011 22:57:18 GMT] ERROR worker 0 died
[Wed, 27 Apr 2011 22:57:18 GMT] INFO spawned worker 0
[Wed, 27 Apr 2011 22:57:18 GMT] ERROR worker 0 died
[Wed, 27 Apr 2011 22:57:18 GMT] INFO spawned worker 0
[Wed, 27 Apr 2011 22:57:19 GMT] ERROR worker 0 died
[Wed, 27 Apr 2011 22:57:19 GMT] INFO spawned worker 0
[Wed, 27 Apr 2011 22:57:19 GMT] ERROR worker 0 died
[Wed, 27 Apr 2011 22:57:19 GMT] INFO spawned worker 0
[Wed, 27 Apr 2011 22:57:19 GMT] ERROR worker 0 died
[Wed, 27 Apr 2011 22:57:19 GMT] INFO spawned worker 0
[Wed, 27 Apr 2011 22:57:19 GMT] ERROR worker 0 died
[Wed, 27 Apr 2011 22:57:19 GMT] INFO spawned worker 0
[Wed, 27 Apr 2011 22:57:19 GMT] ERROR worker 0 died
[Wed, 27 Apr 2011 22:57:19 GMT] INFO spawned worker 0
[Wed, 27 Apr 2011 22:57:20 GMT] ERROR worker 0 died
[Wed, 27 Apr 2011 22:57:20 GMT] INFO spawned worker 0
[Wed, 27 Apr 2011 22:57:20 GMT] ERROR worker 0 died
[Wed, 27 Apr 2011 22:57:20 GMT] INFO spawned worker 0
[Wed, 27 Apr 2011 22:57:20 GMT] ERROR worker 0 died
[Wed, 27 Apr 2011 22:57:20 GMT] INFO spawned worker 0
[Wed, 27 Apr 2011 22:57:20 GMT] ERROR worker 0 died
[Wed, 27 Apr 2011 22:57:20 GMT] INFO spawned worker 0
[Wed, 27 Apr 2011 22:57:20 GMT] ERROR worker 0 died
[Wed, 27 Apr 2011 22:57:20 GMT] INFO spawned worker 0
[Wed, 27 Apr 2011 22:57:21 GMT] ERROR worker 0 died
[Wed, 27 Apr 2011 22:57:21 GMT] INFO spawned worker 0
[Wed, 27 Apr 2011 22:58:31 GMT] INFO master started
[Wed, 27 Apr 2011 22:58:31 GMT] INFO spawned worker 0
[Wed, 27 Apr 2011 22:58:31 GMT] ERROR worker 0 died
[Wed, 27 Apr 2011 22:58:31 GMT] INFO spawned worker 0
[Wed, 27 Apr 2011 22:58:31 GMT] ERROR worker 0 died
[Wed, 27 Apr 2011 22:58:31 GMT] INFO spawned worker 0
[Wed, 27 Apr 2011 22:58:31 GMT] ERROR worker 0 died
[Wed, 27 Apr 2011 22:58:31 GMT] INFO spawned worker 0
[Wed, 27 Apr 2011 22:58:32 GMT] ERROR worker 0 died
[Wed, 27 Apr 2011 22:58:32 GMT] INFO spawned worker 0
[Wed, 27 Apr 2011 22:58:32 GMT] ERROR worker 0 died
[Wed, 27 Apr 2011 22:58:32 GMT] INFO spawned worker 0
[Wed, 27 Apr 2011 22:58:32 GMT] ERROR worker 0 died
[Wed, 27 Apr 2011 22:58:32 GMT] INFO spawned worker 0
[Wed, 27 Apr 2011 22:58:32 GMT] ERROR worker 0 died
[Wed, 27 Apr 2011 22:58:32 GMT] INFO spawned worker 0
[Wed, 27 Apr 2011 22:58:32 GMT] ERROR worker 0 died
[Wed, 27 Apr 2011 22:58:32 GMT] INFO spawned worker 0
[Wed, 27 Apr 2011 22:58:33 GMT] ERROR worker 0 died
[Wed, 27 Apr 2011 22:58:33 GMT] INFO spawned worker 0
[Wed, 27 Apr 2011 22:58:33 GMT] ERROR worker 0 died
[Wed, 27 Apr 2011 22:58:33 GMT] INFO spawned worker 0
[Wed, 27 Apr 2011 22:58:33 GMT] ERROR worker 0 died
[Wed, 27 Apr 2011 22:58:33 GMT] INFO spawned worker 0
[Wed, 27 Apr 2011 22:58:33 GMT] ERROR worker 0 died
[Wed, 27 Apr 2011 22:58:33 GMT] INFO spawned worker 0
[Wed, 27 Apr 2011 22:58:33 GMT] ERROR worker 0 died
[Wed, 27 Apr 2011 22:58:33 GMT] INFO spawned worker 0
[Wed, 27 Apr 2011 22:58:34 GMT] ERROR worker 0 died
[Wed, 27 Apr 2011 22:58:34 GMT] INFO spawned worker 0
[Wed, 27 Apr 2011 22:58:34 GMT] ERROR worker 0 died
[Wed, 27 Apr 2011 22:58:34 GMT] INFO spawned worker 0
[Wed, 27 Apr 2011 22:58:34 GMT] ERROR worker 0 died
[Wed, 27 Apr 2011 22:58:34 GMT] INFO spawned worker 0
[Wed, 27 Apr 2011 22:58:34 GMT] ERROR worker 0 died
[Wed, 27 Apr 2011 22:58:34 GMT] INFO spawned worker 0
[Wed, 27 Apr 2011 22:58:34 GMT] ERROR worker 0 died
[Wed, 27 Apr 2011 22:58:34 GMT] INFO spawned worker 0
[Wed, 27 Apr 2011 22:58:34 GMT] ERROR worker 0 died
[Wed, 27 Apr 2011 22:58:34 GMT] INFO spawned worker 0
[Wed, 27 Apr 2011 23:01:30 GMT] INFO master started
[Wed, 27 Apr 2011 23:01:30 GMT] INFO spawned worker 0
[Wed, 27 Apr 2011 23:01:31 GMT] ERROR worker 0 died
[Wed, 27 Apr 2011 23:01:31 GMT] INFO spawned worker 0
[Wed, 27 Apr 2011 23:01:31 GMT] ERROR worker 0 died
[Wed, 27 Apr 2011 23:01:31 GMT] INFO spawned worker 0
[Wed, 27 Apr 2011 23:01:31 GMT] ERROR worker 0 died
[Wed, 27 Apr 2011 23:01:31 GMT] INFO spawned worker 0
[Wed, 27 Apr 2011 23:01:31 GMT] ERROR worker 0 died
[Wed, 27 Apr 2011 23:01:31 GMT] INFO spawned worker 0
[Wed, 27 Apr 2011 23:01:31 GMT] ERROR worker 0 died
[Wed, 27 Apr 2011 23:01:31 GMT] INFO spawned worker 0
[Wed, 27 Apr 2011 23:01:32 GMT] ERROR worker 0 died
[Wed, 27 Apr 2011 23:01:32 GMT] INFO spawned worker 0
[Wed, 27 Apr 2011 23:01:32 GMT] ERROR worker 0 died
[Wed, 27 Apr 2011 23:01:32 GMT] INFO spawned worker 0
[Wed, 27 Apr 2011 23:01:32 GMT] ERROR worker 0 died
[Wed, 27 Apr 2011 23:01:32 GMT] INFO spawned worker 0
[Wed, 27 Apr 2011 23:01:32 GMT] ERROR worker 0 died
[Wed, 27 Apr 2011 23:01:32 GMT] INFO spawned worker 0
[Wed, 27 Apr 2011 23:01:32 GMT] ERROR worker 0 died
[Wed, 27 Apr 2011 23:01:32 GMT] INFO spawned worker 0
[Wed, 27 Apr 2011 23:01:33 GMT] ERROR worker 0 died
[Wed, 27 Apr 2011 23:01:33 GMT] INFO spawned worker 0
[Wed, 27 Apr 2011 23:01:33 GMT] ERROR worker 0 died
[Wed, 27 Apr 2011 23:01:33 GMT] INFO spawned worker 0
[Wed, 27 Apr 2011 23:01:33 GMT] ERROR worker 0 died
[Wed, 27 Apr 2011 23:01:33 GMT] INFO spawned worker 0
[Wed, 27 Apr 2011 23:01:33 GMT] ERROR worker 0 died
[Wed, 27 Apr 2011 23:01:33 GMT] INFO spawned worker 0
[Wed, 27 Apr 2011 23:01:33 GMT] ERROR worker 0 died
[Wed, 27 Apr 2011 23:01:33 GMT] INFO spawned worker 0
[Wed, 27 Apr 2011 23:01:34 GMT] ERROR worker 0 died
[Wed, 27 Apr 2011 23:01:34 GMT] INFO spawned worker 0
[Wed, 27 Apr 2011 23:01:34 GMT] ERROR worker 0 died
[Wed, 27 Apr 2011 23:01:34 GMT] INFO spawned worker 0
[Wed, 27 Apr 2011 23:01:34 GMT] ERROR worker 0 died
[Wed, 27 Apr 2011 23:01:34 GMT] INFO spawned worker 0
[Wed, 27 Apr 2011 23:01:34 GMT] ERROR worker 0 died
[Wed, 27 Apr 2011 23:01:34 GMT] INFO spawned worker 0
[Wed, 27 Apr 2011 23:02:15 GMT] INFO master started
[Wed, 27 Apr 2011 23:02:15 GMT] INFO spawned worker 0
[Wed, 27 Apr 2011 23:02:15 GMT] ERROR worker 0 died
[Wed, 27 Apr 2011 23:02:15 GMT] INFO spawned worker 0
[Wed, 27 Apr 2011 23:02:15 GMT] ERROR worker 0 died
[Wed, 27 Apr 2011 23:02:15 GMT] INFO spawned worker 0
[Wed, 27 Apr 2011 23:02:16 GMT] ERROR worker 0 died
[Wed, 27 Apr 2011 23:02:16 GMT] INFO spawned worker 0
[Wed, 27 Apr 2011 23:02:16 GMT] ERROR worker 0 died
[Wed, 27 Apr 2011 23:02:16 GMT] INFO spawned worker 0
[Wed, 27 Apr 2011 23:02:16 GMT] ERROR worker 0 died
[Wed, 27 Apr 2011 23:02:16 GMT] INFO spawned worker 0
[Wed, 27 Apr 2011 23:02:16 GMT] ERROR worker 0 died
[Wed, 27 Apr 2011 23:02:16 GMT] INFO spawned worker 0
[Wed, 27 Apr 2011 23:02:16 GMT] ERROR worker 0 died
[Wed, 27 Apr 2011 23:02:16 GMT] INFO spawned worker 0
[Wed, 27 Apr 2011 23:02:17 GMT] ERROR worker 0 died
[Wed, 27 Apr 2011 23:02:17 GMT] INFO spawned worker 0
[Wed, 27 Apr 2011 23:02:17 GMT] ERROR worker 0 died
[Wed, 27 Apr 2011 23:02:17 GMT] INFO spawned worker 0
[Wed, 27 Apr 2011 23:02:17 GMT] ERROR worker 0 died
[Wed, 27 Apr 2011 23:02:17 GMT] INFO spawned worker 0
[Wed, 27 Apr 2011 23:02:17 GMT] ERROR worker 0 died
[Wed, 27 Apr 2011 23:02:17 GMT] INFO spawned worker 0
[Wed, 27 Apr 2011 23:02:17 GMT] ERROR worker 0 died
[Wed, 27 Apr 2011 23:02:17 GMT] INFO spawned worker 0
[Wed, 27 Apr 2011 23:02:18 GMT] ERROR worker 0 died
[Wed, 27 Apr 2011 23:02:18 GMT] INFO spawned worker 0
[Wed, 27 Apr 2011 23:02:18 GMT] ERROR worker 0 died
[Wed, 27 Apr 2011 23:02:18 GMT] INFO spawned worker 0
[Wed, 27 Apr 2011 23:02:18 GMT] ERROR worker 0 died
[Wed, 27 Apr 2011 23:02:18 GMT] INFO spawned worker 0
[Wed, 27 Apr 2011 23:02:18 GMT] ERROR worker 0 died
[Wed, 27 Apr 2011 23:02:18 GMT] INFO spawned worker 0
[Wed, 27 Apr 2011 23:02:18 GMT] ERROR worker 0 died
[Wed, 27 Apr 2011 23:02:18 GMT] INFO spawned worker 0
[Wed, 27 Apr 2011 23:02:19 GMT] ERROR worker 0 died
[Wed, 27 Apr 2011 23:02:19 GMT] INFO spawned worker 0
[Wed, 27 Apr 2011 23:02:19 GMT] ERROR worker 0 died
[Wed, 27 Apr 2011 23:02:19 GMT] INFO spawned worker 0
[Wed, 27 Apr 2011 23:02:32 GMT] INFO master started
[Wed, 27 Apr 2011 23:02:32 GMT] INFO spawned worker 0
[Wed, 27 Apr 2011 23:02:32 GMT] ERROR worker 0 died
[Wed, 27 Apr 2011 23:02:32 GMT] INFO spawned worker 0
[Wed, 27 Apr 2011 23:02:32 GMT] ERROR worker 0 died
[Wed, 27 Apr 2011 23:02:32 GMT] INFO spawned worker 0
[Wed, 27 Apr 2011 23:02:32 GMT] ERROR worker 0 died
[Wed, 27 Apr 2011 23:02:32 GMT] INFO spawned worker 0
[Wed, 27 Apr 2011 23:02:33 GMT] ERROR worker 0 died
[Wed, 27 Apr 2011 23:02:33 GMT] INFO spawned worker 0
[Wed, 27 Apr 2011 23:02:33 GMT] ERROR worker 0 died
[Wed, 27 Apr 2011 23:02:33 GMT] INFO spawned worker 0
[Wed, 27 Apr 2011 23:02:33 GMT] ERROR worker 0 died
[Wed, 27 Apr 2011 23:02:33 GMT] INFO spawned worker 0
[Wed, 27 Apr 2011 23:02:33 GMT] ERROR worker 0 died
[Wed, 27 Apr 2011 23:02:33 GMT] INFO spawned worker 0
[Wed, 27 Apr 2011 23:02:33 GMT] ERROR worker 0 died
[Wed, 27 Apr 2011 23:02:33 GMT] INFO spawned worker 0
[Wed, 27 Apr 2011 23:02:34 GMT] ERROR worker 0 died
[Wed, 27 Apr 2011 23:02:34 GMT] INFO spawned worker 0
[Wed, 27 Apr 2011 23:02:34 GMT] ERROR worker 0 died
[Wed, 27 Apr 2011 23:02:34 GMT] INFO spawned worker 0
[Wed, 27 Apr 2011 23:02:34 GMT] ERROR worker 0 died
[Wed, 27 Apr 2011 23:02:34 GMT] INFO spawned worker 0
[Wed, 27 Apr 2011 23:02:34 GMT] ERROR worker 0 died
[Wed, 27 Apr 2011 23:02:34 GMT] INFO spawned worker 0
[Wed, 27 Apr 2011 23:02:34 GMT] ERROR worker 0 died
[Wed, 27 Apr 2011 23:02:34 GMT] INFO spawned worker 0
[Wed, 27 Apr 2011 23:02:35 GMT] ERROR worker 0 died
[Wed, 27 Apr 2011 23:02:35 GMT] INFO spawned worker 0
[Wed, 27 Apr 2011 23:02:35 GMT] ERROR worker 0 died
[Wed, 27 Apr 2011 23:02:35 GMT] INFO spawned worker 0
[Wed, 27 Apr 2011 23:02:35 GMT] ERROR worker 0 died
[Wed, 27 Apr 2011 23:02:35 GMT] INFO spawned worker 0
[Wed, 27 Apr 2011 23:02:35 GMT] ERROR worker 0 died
[Wed, 27 Apr 2011 23:02:35 GMT] INFO spawned worker 0
[Wed, 27 Apr 2011 23:02:35 GMT] ERROR worker 0 died
[Wed, 27 Apr 2011 23:02:35 GMT] INFO spawned worker 0
[Wed, 27 Apr 2011 23:02:36 GMT] ERROR worker 0 died
[Wed, 27 Apr 2011 23:02:36 GMT] INFO spawned worker 0
[Wed, 27 Apr 2011 23:04:01 GMT] INFO master started
[Wed, 27 Apr 2011 23:04:01 GMT] INFO spawned worker 0
[Wed, 27 Apr 2011 23:04:01 GMT] ERROR worker 0 died
[Wed, 27 Apr 2011 23:04:01 GMT] INFO spawned worker 0
[Wed, 27 Apr 2011 23:04:01 GMT] ERROR worker 0 died
[Wed, 27 Apr 2011 23:04:01 GMT] INFO spawned worker 0
[Wed, 27 Apr 2011 23:04:02 GMT] ERROR worker 0 died
[Wed, 27 Apr 2011 23:04:02 GMT] INFO spawned worker 0
[Wed, 27 Apr 2011 23:04:02 GMT] ERROR worker 0 died
[Wed, 27 Apr 2011 23:04:02 GMT] INFO spawned worker 0
[Wed, 27 Apr 2011 23:04:02 GMT] ERROR worker 0 died
[Wed, 27 Apr 2011 23:04:02 GMT] INFO spawned worker 0
[Wed, 27 Apr 2011 23:04:02 GMT] ERROR worker 0 died
[Wed, 27 Apr 2011 23:04:02 GMT] INFO spawned worker 0
[Wed, 27 Apr 2011 23:04:02 GMT] ERROR worker 0 died
[Wed, 27 Apr 2011 23:04:02 GMT] INFO spawned worker 0
[Wed, 27 Apr 2011 23:04:02 GMT] ERROR worker 0 died
[Wed, 27 Apr 2011 23:04:02 GMT] INFO spawned worker 0
[Wed, 27 Apr 2011 23:04:03 GMT] ERROR worker 0 died
[Wed, 27 Apr 2011 23:04:03 GMT] INFO spawned worker 0
[Wed, 27 Apr 2011 23:04:03 GMT] ERROR worker 0 died
[Wed, 27 Apr 2011 23:04:03 GMT] INFO spawned worker 0
[Wed, 27 Apr 2011 23:04:03 GMT] WARNING shutting down master
[Wed, 27 Apr 2011 23:04:44 GMT] INFO master started
[Wed, 27 Apr 2011 23:04:44 GMT] INFO spawned worker 0
[Wed, 27 Apr 2011 23:04:44 GMT] ERROR worker 0 died
[Wed, 27 Apr 2011 23:04:44 GMT] INFO spawned worker 0
[Wed, 27 Apr 2011 23:04:44 GMT] ERROR worker 0 died
[Wed, 27 Apr 2011 23:04:44 GMT] INFO spawned worker 0
[Wed, 27 Apr 2011 23:04:45 GMT] ERROR worker 0 died
[Wed, 27 Apr 2011 23:04:45 GMT] INFO spawned worker 0
[Wed, 27 Apr 2011 23:04:45 GMT] ERROR worker 0 died
[Wed, 27 Apr 2011 23:04:45 GMT] INFO spawned worker 0
[Wed, 27 Apr 2011 23:04:45 GMT] ERROR worker 0 died
[Wed, 27 Apr 2011 23:04:45 GMT] INFO spawned worker 0
[Wed, 27 Apr 2011 23:04:45 GMT] ERROR worker 0 died
[Wed, 27 Apr 2011 23:04:45 GMT] INFO spawned worker 0
[Wed, 27 Apr 2011 23:04:45 GMT] ERROR worker 0 died
[Wed, 27 Apr 2011 23:04:45 GMT] INFO spawned worker 0
[Wed, 27 Apr 2011 23:04:46 GMT] ERROR worker 0 died
[Wed, 27 Apr 2011 23:04:46 GMT] INFO spawned worker 0
[Wed, 27 Apr 2011 23:04:46 GMT] WARNING shutting down master
[Wed, 27 Apr 2011 23:04:59 GMT] INFO master started
[Wed, 27 Apr 2011 23:04:59 GMT] INFO spawned worker 0
[Wed, 27 Apr 2011 23:04:59 GMT] ERROR worker 0 died
[Wed, 27 Apr 2011 23:04:59 GMT] INFO spawned worker 0
[Wed, 27 Apr 2011 23:04:59 GMT] ERROR worker 0 died
[Wed, 27 Apr 2011 23:04:59 GMT] INFO spawned worker 0
[Wed, 27 Apr 2011 23:04:59 GMT] ERROR worker 0 died
[Wed, 27 Apr 2011 23:04:59 GMT] INFO spawned worker 0
[Wed, 27 Apr 2011 23:04:59 GMT] ERROR worker 0 died
[Wed, 27 Apr 2011 23:04:59 GMT] INFO spawned worker 0
[Wed, 27 Apr 2011 23:05:00 GMT] ERROR worker 0 died
[Wed, 27 Apr 2011 23:05:00 GMT] INFO spawned worker 0
[Wed, 27 Apr 2011 23:05:00 GMT] ERROR worker 0 died
[Wed, 27 Apr 2011 23:05:00 GMT] INFO spawned worker 0
[Wed, 27 Apr 2011 23:05:00 GMT] ERROR worker 0 died
[Wed, 27 Apr 2011 23:05:00 GMT] INFO spawned worker 0
[Wed, 27 Apr 2011 23:05:00 GMT] WARNING shutting down master
[Wed, 27 Apr 2011 23:05:00 GMT] WARNING sent kill(SIGKILL) to all workers
[Wed, 27 Apr 2011 23:05:00 GMT] INFO shutdown complete
[Wed, 27 Apr 2011 23:06:25 GMT] INFO master started
[Wed, 27 Apr 2011 23:06:25 GMT] INFO spawned worker 0
[Wed, 27 Apr 2011 23:06:26 GMT] ERROR worker 0 died
[Wed, 27 Apr 2011 23:06:26 GMT] INFO spawned worker 0
[Wed, 27 Apr 2011 23:06:26 GMT] ERROR worker 0 died
[Wed, 27 Apr 2011 23:06:26 GMT] INFO spawned worker 0
[Wed, 27 Apr 2011 23:06:26 GMT] ERROR worker 0 died
[Wed, 27 Apr 2011 23:06:26 GMT] INFO spawned worker 0
[Wed, 27 Apr 2011 23:06:26 GMT] ERROR worker 0 died
[Wed, 27 Apr 2011 23:06:26 GMT] INFO spawned worker 0
[Wed, 27 Apr 2011 23:06:27 GMT] ERROR worker 0 died
[Wed, 27 Apr 2011 23:06:27 GMT] INFO spawned worker 0
[Wed, 27 Apr 2011 23:06:27 GMT] ERROR worker 0 died
[Wed, 27 Apr 2011 23:06:27 GMT] INFO spawned worker 0
[Wed, 27 Apr 2011 23:06:27 GMT] ERROR worker 0 died
[Wed, 27 Apr 2011 23:06:27 GMT] INFO spawned worker 0
[Wed, 27 Apr 2011 23:06:27 GMT] ERROR worker 0 died
[Wed, 27 Apr 2011 23:06:27 GMT] INFO spawned worker 0
[Wed, 27 Apr 2011 23:06:27 GMT] ERROR worker 0 died
[Wed, 27 Apr 2011 23:06:27 GMT] INFO spawned worker 0
[Wed, 27 Apr 2011 23:06:28 GMT] ERROR worker 0 died
[Wed, 27 Apr 2011 23:06:28 GMT] INFO spawned worker 0
[Wed, 27 Apr 2011 23:06:28 GMT] ERROR worker 0 died
[Wed, 27 Apr 2011 23:06:28 GMT] INFO spawned worker 0
[Wed, 27 Apr 2011 23:06:28 GMT] ERROR worker 0 died
[Wed, 27 Apr 2011 23:06:28 GMT] INFO spawned worker 0
[Wed, 27 Apr 2011 23:06:28 GMT] ERROR worker 0 died
[Wed, 27 Apr 2011 23:06:28 GMT] INFO spawned worker 0
[Wed, 27 Apr 2011 23:06:28 GMT] ERROR worker 0 died
[Wed, 27 Apr 2011 23:06:28 GMT] INFO spawned worker 0
[Wed, 27 Apr 2011 23:06:29 GMT] ERROR worker 0 died
[Wed, 27 Apr 2011 23:06:29 GMT] INFO spawned worker 0
[Wed, 27 Apr 2011 23:06:29 GMT] ERROR worker 0 died
[Wed, 27 Apr 2011 23:06:29 GMT] INFO spawned worker 0
[Wed, 27 Apr 2011 23:06:29 GMT] ERROR worker 0 died
[Wed, 27 Apr 2011 23:06:29 GMT] INFO spawned worker 0
[Wed, 27 Apr 2011 23:06:29 GMT] ERROR worker 0 died
[Wed, 27 Apr 2011 23:06:29 GMT] INFO spawned worker 0
[Wed, 27 Apr 2011 23:06:29 GMT] ERROR worker 0 died
[Wed, 27 Apr 2011 23:06:29 GMT] INFO spawned worker 0
[Wed, 27 Apr 2011 23:13:36 GMT] INFO master started
[Wed, 27 Apr 2011 23:13:36 GMT] INFO spawned worker 0
[Wed, 27 Apr 2011 23:13:36 GMT] ERROR worker 0 died
[Wed, 27 Apr 2011 23:13:36 GMT] INFO spawned worker 0
[Wed, 27 Apr 2011 23:13:36 GMT] ERROR worker 0 died
[Wed, 27 Apr 2011 23:13:36 GMT] INFO spawned worker 0
[Wed, 27 Apr 2011 23:13:36 GMT] ERROR worker 0 died
[Wed, 27 Apr 2011 23:13:36 GMT] INFO spawned worker 0
[Wed, 27 Apr 2011 23:13:37 GMT] ERROR worker 0 died
[Wed, 27 Apr 2011 23:13:37 GMT] INFO spawned worker 0
[Wed, 27 Apr 2011 23:13:37 GMT] ERROR worker 0 died
[Wed, 27 Apr 2011 23:13:37 GMT] INFO spawned worker 0
[Wed, 27 Apr 2011 23:13:37 GMT] ERROR worker 0 died
[Wed, 27 Apr 2011 23:13:37 GMT] INFO spawned worker 0
[Wed, 27 Apr 2011 23:13:37 GMT] ERROR worker 0 died
[Wed, 27 Apr 2011 23:13:37 GMT] INFO spawned worker 0
[Wed, 27 Apr 2011 23:13:37 GMT] WARNING shutting down master
[Wed, 27 Apr 2011 23:13:37 GMT] WARNING sent kill(SIGKILL) to all workers
[Wed, 27 Apr 2011 23:13:37 GMT] INFO shutdown complete
